#
# There is insufficient memory for the Java Runtime Environment to continue.
# Native memory allocation (malloc) failed to allocate 472656 bytes for Chunk::new
# Possible reasons:
#   The system is out of physical RAM or swap space
#   The process is running with CompressedOops enabled, and the Java Heap may be blocking the growth of the native heap
# Possible solutions:
#   Reduce memory load on the system
#   Increase physical memory or swap space
#   Check if swap backing store is full
#   Decrease Java heap size (-Xmx/-Xms)
#   Decrease number of Java threads
#   Decrease Java thread stack sizes (-Xss)
#   Set larger code cache with -XX:ReservedCodeCacheSize=
#   JVM is running with Unscaled Compressed Oops mode in which the Java heap is
#     placed in the first 4GB address space. The Java Heap base address is the
#     maximum limit for the native heap growth. Please use -XX:HeapBaseMinAddress
#     to set the Java Heap base and to place the Java Heap above 4GB virtual address.
# This output file may be truncated or incomplete.
#
#  Out of Memory Error (allocation.cpp:389), pid=13584, tid=0x00000000000023e0
#
# JRE version: Java(TM) SE Runtime Environment (8.0_251-b08) (build 1.8.0_251-b08)
# Java VM: Java HotSpot(TM) 64-Bit Server VM (25.251-b08 mixed mode windows-amd64 compressed oops)
# Failed to write core dump. Minidumps are not enabled by default on client versions of Windows
#

---------------  T H R E A D  ---------------

Current thread (0x0000000017792000):  JavaThread "C2 CompilerThread0" daemon [_thread_in_native, id=9184, stack(0x00000000191a0000,0x00000000192a0000)]

Stack: [0x00000000191a0000,0x00000000192a0000]
[error occurred during error reporting (printing stack bounds), id 0xc0000005]

Native frames: (J=compiled Java code, j=interpreted, Vv=VM code, C=native code)


Current CompileTask:
C2:   6561 2082   !   4       java.net.URLClassLoader$1::run (63 bytes)


---------------  P R O C E S S  ---------------

Java Threads: ( => current thread )
  0x0000000018b68800 JavaThread "Service Thread" daemon [_thread_blocked, id=13132, stack(0x00000000194a0000,0x00000000195a0000)]
  0x0000000017796800 JavaThread "C1 CompilerThread2" daemon [_thread_blocked, id=14096, stack(0x00000000193a0000,0x00000000194a0000)]
  0x0000000017795000 JavaThread "C2 CompilerThread1" daemon [_thread_in_native, id=7816, stack(0x00000000192a0000,0x00000000193a0000)]
=>0x0000000017792000 JavaThread "C2 CompilerThread0" daemon [_thread_in_native, id=9184, stack(0x00000000191a0000,0x00000000192a0000)]
  0x000000001778e800 JavaThread "Monitor Ctrl-Break" daemon [_thread_in_native, id=3204, stack(0x00000000190a0000,0x00000000191a0000)]
  0x0000000017762000 JavaThread "Attach Listener" daemon [_thread_blocked, id=13384, stack(0x0000000018fa0000,0x00000000190a0000)]
  0x0000000018ae3800 JavaThread "Signal Dispatcher" daemon [_thread_blocked, id=7480, stack(0x0000000018ea0000,0x0000000018fa0000)]
  0x0000000002c99800 JavaThread "Finalizer" daemon [_thread_blocked, id=14188, stack(0x00000000189a0000,0x0000000018aa0000)]
  0x000000001773a800 JavaThread "Reference Handler" daemon [_thread_blocked, id=12128, stack(0x00000000188a0000,0x00000000189a0000)]
  0x0000000002ba7000 JavaThread "main" [_thread_in_vm, id=6588, stack(0x0000000002940000,0x0000000002a40000)]

Other Threads:
  0x0000000017717000 VMThread [stack: 0x00000000187a0000,0x00000000188a0000] [id=9708]
  0x0000000018b9d000 WatcherThread [stack: 0x00000000195a0000,0x00000000196a0000] [id=12500]

VM state:not at safepoint (normal execution)

VM Mutex/Monitor currently owned by a thread: None

heap address: 0x0000000082600000, size: 2010 MB, Compressed Oops mode: 32-bit
Narrow klass base: 0x0000000000000000, Narrow klass shift: 3
Compressed class space size: 1073741824 Address: 0x0000000100000000

Heap:
 PSYoungGen      total 70656K, used 10219K [0x00000000d6200000, 0x00000000dcf00000, 0x0000000100000000)
  eden space 65536K, 7% used [0x00000000d6200000,0x00000000d67010b8,0x00000000da200000)
  from space 5120K, 99% used [0x00000000da200000,0x00000000da6f9d50,0x00000000da700000)
  to   space 9216K, 0% used [0x00000000dc600000,0x00000000dc600000,0x00000000dcf00000)
 ParOldGen       total 61952K, used 9709K [0x0000000082600000, 0x0000000086280000, 0x00000000d6200000)
  object space 61952K, 15% used [0x0000000082600000,0x0000000082f7b4f8,0x0000000086280000)
 Metaspace       used 25395K, capacity 27216K, committed 27520K, reserved 1073152K
  class space    used 3263K, capacity 3624K, committed 3712K, reserved 1048576K

Card table byte_map: [0x0000000012060000,0x0000000012450000] byte_map_base: 0x0000000011c4d000

Marking Bits: (ParMarkBitMap*) 0x000000005b10af90
 Begin Bits: [0x0000000012af0000, 0x0000000014a58000)
 End Bits:   [0x0000000014a58000, 0x00000000169c0000)

Polling page: 0x0000000000770000

CodeCache: size=245760Kb used=7642Kb max_used=7642Kb free=238117Kb
 bounds [0x0000000002ca0000, 0x0000000003420000, 0x0000000011ca0000]
 total_blobs=2543 nmethods=2168 adapters=287
 compilation: enabled

Compilation events (10 events):
Event: 6.464 Thread 0x0000000017796800 2142   !   3       org.springframework.beans.factory.support.AbstractBeanFactory::adaptBeanInstance (124 bytes)
Event: 6.466 Thread 0x0000000017796800 nmethod 2142 0x00000000033fe710 code [0x00000000033fea40, 0x0000000003400738]
Event: 6.466 Thread 0x0000000017796800 2145       3       java.lang.reflect.Constructor::getParameterTypes (11 bytes)
Event: 6.467 Thread 0x0000000017796800 nmethod 2145 0x0000000003401650 code [0x00000000034017c0, 0x0000000003401ac8]
Event: 6.467 Thread 0x0000000017796800 2146       3       java.util.LinkedHashSet::<init> (9 bytes)
Event: 6.467 Thread 0x0000000017796800 nmethod 2146 0x0000000003401b90 code [0x0000000003401d40, 0x0000000003402148]
Event: 6.467 Thread 0x0000000017796800 2143       3       org.springframework.util.ReflectionUtils::invokeMethod (9 bytes)
Event: 6.468 Thread 0x0000000017796800 nmethod 2143 0x0000000003402390 code [0x0000000003402520, 0x0000000003402888]
Event: 6.468 Thread 0x0000000017796800 2144   !   3       org.springframework.util.ReflectionUtils::invokeMethod (22 bytes)
Event: 6.468 Thread 0x0000000017796800 nmethod 2144 0x0000000003402a90 code [0x0000000003402c20, 0x0000000003402f08]

GC Heap History (10 events):
Event: 3.106 GC heap before
{Heap before GC invocations=2 (full 0):
 PSYoungGen      total 37888K, used 37420K [0x00000000d6200000, 0x00000000d8c00000, 0x0000000100000000)
  eden space 32768K, 100% used [0x00000000d6200000,0x00000000d8200000,0x00000000d8200000)
  from space 5120K, 90% used [0x00000000d8200000,0x00000000d868b398,0x00000000d8700000)
  to   space 5120K, 0% used [0x00000000d8700000,0x00000000d8700000,0x00000000d8c00000)
 ParOldGen       total 86016K, used 16K [0x0000000082600000, 0x0000000087a00000, 0x00000000d6200000)
  object space 86016K, 0% used [0x0000000082600000,0x0000000082604000,0x0000000087a00000)
 Metaspace       used 13048K, capacity 14120K, committed 14208K, reserved 1060864K
  class space    used 1653K, capacity 1874K, committed 1920K, reserved 1048576K
Event: 3.121 GC heap after
Heap after GC invocations=2 (full 0):
 PSYoungGen      total 37888K, used 5111K [0x00000000d6200000, 0x00000000d8c00000, 0x0000000100000000)
  eden space 32768K, 0% used [0x00000000d6200000,0x00000000d6200000,0x00000000d8200000)
  from space 5120K, 99% used [0x00000000d8700000,0x00000000d8bfdff0,0x00000000d8c00000)
  to   space 5120K, 0% used [0x00000000d8200000,0x00000000d8200000,0x00000000d8700000)
 ParOldGen       total 86016K, used 616K [0x0000000082600000, 0x0000000087a00000, 0x00000000d6200000)
  object space 86016K, 0% used [0x0000000082600000,0x000000008269a0d8,0x0000000087a00000)
 Metaspace       used 13048K, capacity 14120K, committed 14208K, reserved 1060864K
  class space    used 1653K, capacity 1874K, committed 1920K, reserved 1048576K
}
Event: 4.149 GC heap before
{Heap before GC invocations=3 (full 0):
 PSYoungGen      total 37888K, used 37879K [0x00000000d6200000, 0x00000000d8c00000, 0x0000000100000000)
  eden space 32768K, 100% used [0x00000000d6200000,0x00000000d8200000,0x00000000d8200000)
  from space 5120K, 99% used [0x00000000d8700000,0x00000000d8bfdff0,0x00000000d8c00000)
  to   space 5120K, 0% used [0x00000000d8200000,0x00000000d8200000,0x00000000d8700000)
 ParOldGen       total 86016K, used 616K [0x0000000082600000, 0x0000000087a00000, 0x00000000d6200000)
  object space 86016K, 0% used [0x0000000082600000,0x000000008269a0d8,0x0000000087a00000)
 Metaspace       used 16503K, capacity 17930K, committed 18048K, reserved 1064960K
  class space    used 2147K, capacity 2423K, committed 2432K, reserved 1048576K
Event: 4.163 GC heap after
Heap after GC invocations=3 (full 0):
 PSYoungGen      total 37888K, used 5115K [0x00000000d6200000, 0x00000000dac00000, 0x0000000100000000)
  eden space 32768K, 0% used [0x00000000d6200000,0x00000000d6200000,0x00000000d8200000)
  from space 5120K, 99% used [0x00000000d8200000,0x00000000d86fee20,0x00000000d8700000)
  to   space 5120K, 0% used [0x00000000da700000,0x00000000da700000,0x00000000dac00000)
 ParOldGen       total 86016K, used 2278K [0x0000000082600000, 0x0000000087a00000, 0x00000000d6200000)
  object space 86016K, 2% used [0x0000000082600000,0x0000000082839aa0,0x0000000087a00000)
 Metaspace       used 16503K, capacity 17930K, committed 18048K, reserved 1064960K
  class space    used 2147K, capacity 2423K, committed 2432K, reserved 1048576K
}
Event: 4.877 GC heap before
{Heap before GC invocations=4 (full 0):
 PSYoungGen      total 37888K, used 31909K [0x00000000d6200000, 0x00000000dac00000, 0x0000000100000000)
  eden space 32768K, 81% used [0x00000000d6200000,0x00000000d7c2a790,0x00000000d8200000)
  from space 5120K, 99% used [0x00000000d8200000,0x00000000d86fee20,0x00000000d8700000)
  to   space 5120K, 0% used [0x00000000da700000,0x00000000da700000,0x00000000dac00000)
 ParOldGen       total 86016K, used 2278K [0x0000000082600000, 0x0000000087a00000, 0x00000000d6200000)
  object space 86016K, 2% used [0x0000000082600000,0x0000000082839aa0,0x0000000087a00000)
 Metaspace       used 19544K, capacity 21144K, committed 21296K, reserved 1067008K
  class space    used 2538K, capacity 2850K, committed 2944K, reserved 1048576K
Event: 4.891 GC heap after
Heap after GC invocations=4 (full 0):
 PSYoungGen      total 70656K, used 5098K [0x00000000d6200000, 0x00000000dac00000, 0x0000000100000000)
  eden space 65536K, 0% used [0x00000000d6200000,0x00000000d6200000,0x00000000da200000)
  from space 5120K, 99% used [0x00000000da700000,0x00000000dabfabc0,0x00000000dac00000)
  to   space 5120K, 0% used [0x00000000da200000,0x00000000da200000,0x00000000da700000)
 ParOldGen       total 86016K, used 4562K [0x0000000082600000, 0x0000000087a00000, 0x00000000d6200000)
  object space 86016K, 5% used [0x0000000082600000,0x0000000082a74b30,0x0000000087a00000)
 Metaspace       used 19544K, capacity 21144K, committed 21296K, reserved 1067008K
  class space    used 2538K, capacity 2850K, committed 2944K, reserved 1048576K
}
Event: 4.891 GC heap before
{Heap before GC invocations=5 (full 1):
 PSYoungGen      total 70656K, used 5098K [0x00000000d6200000, 0x00000000dac00000, 0x0000000100000000)
  eden space 65536K, 0% used [0x00000000d6200000,0x00000000d6200000,0x00000000da200000)
  from space 5120K, 99% used [0x00000000da700000,0x00000000dabfabc0,0x00000000dac00000)
  to   space 5120K, 0% used [0x00000000da200000,0x00000000da200000,0x00000000da700000)
 ParOldGen       total 86016K, used 4562K [0x0000000082600000, 0x0000000087a00000, 0x00000000d6200000)
  object space 86016K, 5% used [0x0000000082600000,0x0000000082a74b30,0x0000000087a00000)
 Metaspace       used 19544K, capacity 21144K, committed 21296K, reserved 1067008K
  class space    used 2538K, capacity 2850K, committed 2944K, reserved 1048576K
Event: 4.973 GC heap after
Heap after GC invocations=5 (full 1):
 PSYoungGen      total 70656K, used 0K [0x00000000d6200000, 0x00000000dac00000, 0x0000000100000000)
  eden space 65536K, 0% used [0x00000000d6200000,0x00000000d6200000,0x00000000da200000)
  from space 5120K, 0% used [0x00000000da700000,0x00000000da700000,0x00000000dac00000)
  to   space 5120K, 0% used [0x00000000da200000,0x00000000da200000,0x00000000da700000)
 ParOldGen       total 61952K, used 7236K [0x0000000082600000, 0x0000000086280000, 0x00000000d6200000)
  object space 61952K, 11% used [0x0000000082600000,0x0000000082d11068,0x0000000086280000)
 Metaspace       used 19544K, capacity 21144K, committed 21296K, reserved 1067008K
  class space    used 2538K, capacity 2850K, committed 2944K, reserved 1048576K
}
Event: 6.295 GC heap before
{Heap before GC invocations=6 (full 1):
 PSYoungGen      total 70656K, used 65536K [0x00000000d6200000, 0x00000000dac00000, 0x0000000100000000)
  eden space 65536K, 100% used [0x00000000d6200000,0x00000000da200000,0x00000000da200000)
  from space 5120K, 0% used [0x00000000da700000,0x00000000da700000,0x00000000dac00000)
  to   space 5120K, 0% used [0x00000000da200000,0x00000000da200000,0x00000000da700000)
 ParOldGen       total 61952K, used 7236K [0x0000000082600000, 0x0000000086280000, 0x00000000d6200000)
  object space 61952K, 11% used [0x0000000082600000,0x0000000082d11068,0x0000000086280000)
 Metaspace       used 25218K, capacity 27014K, committed 27136K, reserved 1073152K
  class space    used 3241K, capacity 3583K, committed 3584K, reserved 1048576K
Event: 6.311 GC heap after
Heap after GC invocations=6 (full 1):
 PSYoungGen      total 70656K, used 5095K [0x00000000d6200000, 0x00000000dcf00000, 0x0000000100000000)
  eden space 65536K, 0% used [0x00000000d6200000,0x00000000d6200000,0x00000000da200000)
  from space 5120K, 99% used [0x00000000da200000,0x00000000da6f9d50,0x00000000da700000)
  to   space 9216K, 0% used [0x00000000dc600000,0x00000000dc600000,0x00000000dcf00000)
 ParOldGen       total 61952K, used 9709K [0x0000000082600000, 0x0000000086280000, 0x00000000d6200000)
  object space 61952K, 15% used [0x0000000082600000,0x0000000082f7b4f8,0x0000000086280000)
 Metaspace       used 25218K, capacity 27014K, committed 27136K, reserved 1073152K
  class space    used 3241K, capacity 3583K, committed 3584K, reserved 1048576K
}

Deoptimization events (10 events):
Event: 4.667 Thread 0x0000000002ba7000 Uncommon trap: reason=predicate action=maybe_recompile pc=0x000000000325000c method=java.util.AbstractCollection.toArray([Ljava/lang/Object;)[Ljava/lang/Object; @ 49
Event: 5.256 Thread 0x0000000002ba7000 Uncommon trap: reason=array_check action=maybe_recompile pc=0x00000000032b9d40 method=java.util.AbstractCollection.toArray([Ljava/lang/Object;)[Ljava/lang/Object; @ 119
Event: 5.259 Thread 0x0000000002ba7000 Uncommon trap: reason=array_check action=maybe_recompile pc=0x00000000032b9d40 method=java.util.AbstractCollection.toArray([Ljava/lang/Object;)[Ljava/lang/Object; @ 119
Event: 5.267 Thread 0x0000000002ba7000 Uncommon trap: reason=array_check action=maybe_recompile pc=0x00000000032b9d40 method=java.util.AbstractCollection.toArray([Ljava/lang/Object;)[Ljava/lang/Object; @ 119
Event: 5.267 Thread 0x0000000002ba7000 Uncommon trap: reason=array_check action=maybe_recompile pc=0x00000000032b9d40 method=java.util.AbstractCollection.toArray([Ljava/lang/Object;)[Ljava/lang/Object; @ 119
Event: 5.434 Thread 0x0000000002ba7000 Uncommon trap: reason=unstable_if action=reinterpret pc=0x0000000003151c74 method=java.util.concurrent.ConcurrentHashMap.addCount(JI)V @ 34
Event: 5.453 Thread 0x000000001ad1e800 Uncommon trap: reason=unstable_if action=reinterpret pc=0x0000000002f9b024 method=jdk.internal.org.objectweb.asm.Type.getArgumentsAndReturnSizes(Ljava/lang/String;)I @ 47
Event: 5.885 Thread 0x0000000002ba7000 Uncommon trap: reason=bimorphic action=maybe_recompile pc=0x00000000031059d8 method=java.util.HashMap.putVal(ILjava/lang/Object;Ljava/lang/Object;ZZ)Ljava/lang/Object; @ 203
Event: 5.988 Thread 0x0000000002ba7000 Uncommon trap: reason=bimorphic action=maybe_recompile pc=0x00000000031059d8 method=java.util.HashMap.putVal(ILjava/lang/Object;Ljava/lang/Object;ZZ)Ljava/lang/Object; @ 203
Event: 6.038 Thread 0x0000000002ba7000 Uncommon trap: reason=unstable_if action=reinterpret pc=0x0000000003245d44 method=org.springframework.boot.context.properties.source.ConfigurationPropertyName$ElementsParser.add(IILorg/springframework/boot/context/properties/source/ConfigurationPropertyNa

Classes redefined (0 events):
No events

Internal exceptions (10 events):
Event: 5.207 Thread 0x0000000002ba7000 Exception <a 'java/lang/ClassNotFoundException': org/springframework/context/ApplicationStartupAwareCustomizer> (0x00000000d751cd80) thrown at [C:\jenkins\workspace\8-2-build-windows-amd64-cygwin\jdk8u251\737\hotspot\src\share\vm\classfile\systemDictionar
Event: 5.208 Thread 0x0000000002ba7000 Exception <a 'java/lang/ClassNotFoundException': org/springframework/beans/factory/AwareCustomizer> (0x00000000d7535498) thrown at [C:\jenkins\workspace\8-2-build-windows-amd64-cygwin\jdk8u251\737\hotspot\src\share\vm\classfile\systemDictionary.cpp, line 
Event: 5.209 Thread 0x0000000002ba7000 Exception <a 'java/lang/ClassNotFoundException': org/springframework/beans/factory/BeanClassLoaderAwareCustomizer> (0x00000000d75ddc30) thrown at [C:\jenkins\workspace\8-2-build-windows-amd64-cygwin\jdk8u251\737\hotspot\src\share\vm\classfile\systemDictio
Event: 5.211 Thread 0x0000000002ba7000 Exception <a 'java/lang/ClassNotFoundException': org/springframework/beans/factory/AwareCustomizer> (0x00000000d75f6de0) thrown at [C:\jenkins\workspace\8-2-build-windows-amd64-cygwin\jdk8u251\737\hotspot\src\share\vm\classfile\systemDictionary.cpp, line 
Event: 5.212 Thread 0x0000000002ba7000 Exception <a 'java/lang/ClassNotFoundException': org/springframework/context/EnvironmentAwareCustomizer> (0x00000000d760f678) thrown at [C:\jenkins\workspace\8-2-build-windows-amd64-cygwin\jdk8u251\737\hotspot\src\share\vm\classfile\systemDictionary.cpp, 
Event: 5.213 Thread 0x0000000002ba7000 Exception <a 'java/lang/ClassNotFoundException': org/springframework/beans/factory/AwareCustomizer> (0x00000000d7627800) thrown at [C:\jenkins\workspace\8-2-build-windows-amd64-cygwin\jdk8u251\737\hotspot\src\share\vm\classfile\systemDictionary.cpp, line 
Event: 5.464 Thread 0x000000001ad1e800 Exception <a 'java/lang/IncompatibleClassChangeError': Found class java.lang.Object, but interface was expected> (0x00000000d87144f8) thrown at [C:\jenkins\workspace\8-2-build-windows-amd64-cygwin\jdk8u251\737\hotspot\src\share\vm\interpreter\linkResolver
Event: 5.562 Thread 0x0000000002ba7000 Exception <a 'java/lang/IncompatibleClassChangeError': Found class java.lang.Object, but interface was expected> (0x00000000d922dc10) thrown at [C:\jenkins\workspace\8-2-build-windows-amd64-cygwin\jdk8u251\737\hotspot\src\share\vm\interpreter\linkResolver
Event: 5.738 Thread 0x0000000002ba7000 Exception <a 'java/lang/NoSuchMethodError': java.lang.Object.lambda$getAllAnnotationAttributes$0(Lorg/springframework/util/MultiValueMap;)Lorg/springframework/util/MultiValueMap;> (0x00000000d9429508) thrown at [C:\jenkins\workspace\8-2-build-windows-amd6
Event: 5.738 Thread 0x0000000002ba7000 Exception <a 'java/lang/NoSuchMethodError': java.lang.Object.lambda$identity$2(Ljava/lang/Object;)Ljava/lang/Object;> (0x00000000d942d200) thrown at [C:\jenkins\workspace\8-2-build-windows-amd64-cygwin\jdk8u251\737\hotspot\src\share\vm\interpreter\linkRes

Events (10 events):
Event: 6.438 loading class org/springframework/data/web/config/SpringDataWebConfiguration
Event: 6.438 loading class org/springframework/data/web/config/SpringDataWebConfiguration done
Event: 6.440 loading class org/springframework/data/web/config/SpringDataJacksonModules
Event: 6.440 loading class org/springframework/data/web/config/SpringDataJacksonModules done
Event: 6.454 loading class org/springframework/data/querydsl/QuerydslUtils
Event: 6.454 loading class org/springframework/data/querydsl/QuerydslUtils done
Event: 6.462 loading class com/querydsl/core/types/Predicate
Event: 6.462 loading class com/querydsl/core/types/Predicate done
Event: 6.462 loading class com/querydsl/core/types$Predicate
Event: 6.462 loading class com/querydsl/core/types$Predicate done


Dynamic libraries:
0x00007ff6e3600000 - 0x00007ff6e3637000 	D:\java\1.8\bin\java.exe
0x00007ffa9d190000 - 0x00007ffa9d37d000 	C:\Windows\SYSTEM32\ntdll.dll
0x00007ffa9d0a0000 - 0x00007ffa9d153000 	C:\Windows\System32\KERNEL32.DLL
0x00007ffa99f40000 - 0x00007ffa9a1d3000 	C:\Windows\System32\KERNELBASE.dll
0x00007ffa9cc20000 - 0x00007ffa9ccc3000 	C:\Windows\System32\ADVAPI32.dll
0x00007ffa9a4f0000 - 0x00007ffa9a58e000 	C:\Windows\System32\msvcrt.dll
0x00007ffa9ce80000 - 0x00007ffa9cf1e000 	C:\Windows\System32\sechost.dll
0x00007ffa9c260000 - 0x00007ffa9c382000 	C:\Windows\System32\RPCRT4.dll
0x00007ffa9c410000 - 0x00007ffa9c5a7000 	C:\Windows\System32\USER32.dll
0x00007ffa99410000 - 0x00007ffa99430000 	C:\Windows\System32\win32u.dll
0x00007ffa9ca90000 - 0x00007ffa9cab9000 	C:\Windows\System32\GDI32.dll
0x00007ffa99da0000 - 0x00007ffa99f3a000 	C:\Windows\System32\gdi32full.dll
0x00007ffa99500000 - 0x00007ffa995a0000 	C:\Windows\System32\msvcp_win.dll
0x00007ffa99280000 - 0x00007ffa9937a000 	C:\Windows\System32\ucrtbase.dll
0x00007ffa84250000 - 0x00007ffa844c9000 	C:\Windows\WinSxS\amd64_microsoft.windows.common-controls_6595b64144ccf1df_6.0.17763.348_none_05b73c0a071d7a57\COMCTL32.dll
0x00007ffa9a6c0000 - 0x00007ffa9a9ed000 	C:\Windows\System32\combase.dll
0x00007ffa99480000 - 0x00007ffa994fe000 	C:\Windows\System32\bcryptPrimitives.dll
0x00007ffa9a9f0000 - 0x00007ffa9aa1e000 	C:\Windows\System32\IMM32.DLL
0x000000005c380000 - 0x000000005c452000 	D:\java\1.8\jre\bin\msvcr100.dll
0x000000005a8e0000 - 0x000000005b18b000 	D:\java\1.8\jre\bin\server\jvm.dll
0x00007ffa9acf0000 - 0x00007ffa9acf8000 	C:\Windows\System32\PSAPI.DLL
0x00007ffa7dfb0000 - 0x00007ffa7dfb9000 	C:\Windows\SYSTEM32\WSOCK32.dll
0x00007ffa93580000 - 0x00007ffa935a4000 	C:\Windows\SYSTEM32\WINMM.dll
0x00007ffa9ad00000 - 0x00007ffa9ad6d000 	C:\Windows\System32\WS2_32.dll
0x00007ffa93550000 - 0x00007ffa9357d000 	C:\Windows\SYSTEM32\WINMMBASE.dll
0x00007ffa99430000 - 0x00007ffa9947a000 	C:\Windows\System32\cfgmgr32.dll
0x00007ffa98f40000 - 0x00007ffa98f4a000 	C:\Windows\SYSTEM32\VERSION.dll
0x00007ffa90830000 - 0x00007ffa9083f000 	D:\java\1.8\jre\bin\verify.dll
0x00007ffa856b0000 - 0x00007ffa856d9000 	D:\java\1.8\jre\bin\java.dll
0x00007ffa84c40000 - 0x00007ffa84c63000 	D:\java\1.8\jre\bin\instrument.dll
0x00007ffa90810000 - 0x00007ffa90826000 	D:\java\1.8\jre\bin\zip.dll
0x00007ffa9ad70000 - 0x00007ffa9c260000 	C:\Windows\System32\SHELL32.dll
0x00007ffa9ab30000 - 0x00007ffa9abd8000 	C:\Windows\System32\shcore.dll
0x00007ffa99650000 - 0x00007ffa99d9a000 	C:\Windows\System32\windows.storage.dll
0x00007ffa99210000 - 0x00007ffa99234000 	C:\Windows\System32\profapi.dll
0x00007ffa99190000 - 0x00007ffa991ed000 	C:\Windows\System32\powrprof.dll
0x00007ffa9c5b0000 - 0x00007ffa9c602000 	C:\Windows\System32\shlwapi.dll
0x00007ffa991f0000 - 0x00007ffa99201000 	C:\Windows\System32\kernel.appcore.dll
0x00007ffa99260000 - 0x00007ffa99277000 	C:\Windows\System32\cryptsp.dll
0x00007ffa8ae60000 - 0x00007ffa8ae7a000 	D:\Program Files\IntelliJ IDEA 2018.3.2\bin\breakgen64.dll
0x00007ffa85690000 - 0x00007ffa856aa000 	D:\java\1.8\jre\bin\net.dll
0x00007ffa98950000 - 0x00007ffa989b7000 	C:\Windows\system32\mswsock.dll
0x00007ffa85670000 - 0x00007ffa85682000 	D:\java\1.8\jre\bin\nio.dll
0x00007ffa84c30000 - 0x00007ffa84c3d000 	D:\java\1.8\jre\bin\management.dll
0x00007ffa6e080000 - 0x00007ffa6e0cb000 	C:\Program Files (x86)\Sangfor\SSL\ClientComponent\SangforNspX64.dll
0x00007ffa9cac0000 - 0x00007ffa9cc15000 	C:\Windows\System32\ole32.dll
0x00007ffa9a420000 - 0x00007ffa9a4eb000 	C:\Windows\System32\OLEAUT32.dll
0x00007ffa891e0000 - 0x00007ffa891f6000 	C:\Windows\system32\napinsp.dll
0x00007ffa891c0000 - 0x00007ffa891da000 	C:\Windows\system32\pnrpnsp.dll
0x00007ffa98700000 - 0x00007ffa987c6000 	C:\Windows\SYSTEM32\DNSAPI.dll
0x00007ffa9cf20000 - 0x00007ffa9cf28000 	C:\Windows\System32\NSI.dll
0x00007ffa986c0000 - 0x00007ffa986fd000 	C:\Windows\SYSTEM32\IPHLPAPI.DLL
0x00007ffa891b0000 - 0x00007ffa891be000 	C:\Windows\System32\winrnr.dll
0x00007ffa907f0000 - 0x00007ffa9080b000 	C:\Windows\system32\NLAapi.dll
0x00007ffa75f40000 - 0x00007ffa75f55000 	C:\Windows\system32\wshbth.dll
0x00007ffa78420000 - 0x00007ffa7859a000 	C:\Program Files (x86)\Sangfor\SSL\ClientComponent\1_SangforTcpX64.dll
0x00007ffa99380000 - 0x00007ffa993d9000 	C:\Windows\System32\WINTRUST.dll
0x00007ffa99240000 - 0x00007ffa99252000 	C:\Windows\System32\MSASN1.dll
0x00007ffa9a1e0000 - 0x00007ffa9a3bb000 	C:\Windows\System32\CRYPT32.dll
0x00007ffa859c0000 - 0x00007ffa85a39000 	C:\Windows\System32\fwpuclnt.dll
0x00007ffa993e0000 - 0x00007ffa99406000 	C:\Windows\System32\bcrypt.dll

VM Arguments:
jvm_args: -ea -Didea.test.cyclic.buffer.size=1048576 -javaagent:D:\Program Files\IntelliJ IDEA 2018.3.2\lib\idea_rt.jar=56160:D:\Program Files\IntelliJ IDEA 2018.3.2\bin -Dfile.encoding=UTF-8 
java_command: com.intellij.rt.execution.junit.JUnitStarter -ideVersion5 -junit5 com.eric.redisdemo.RedisdemoApplicationTests,op
java_class_path (initial): D:\Program Files\IntelliJ IDEA 2018.3.2\lib\idea_rt.jar;D:\Program Files\IntelliJ IDEA 2018.3.2\plugins\junit\lib\junit-rt.jar;D:\Program Files\IntelliJ IDEA 2018.3.2\plugins\junit\lib\junit5-rt.jar;D:\maven-repository\org\junit\platform\junit-platform-launcher\1.8.2\junit-platform-launcher-1.8.2.jar;D:\maven-repository\org\junit\platform\junit-platform-engine\1.8.2\junit-platform-engine-1.8.2.jar;D:\maven-repository\org\opentest4j\opentest4j\1.2.0\opentest4j-1.2.0.jar;D:\maven-repository\org\junit\platform\junit-platform-commons\1.8.2\junit-platform-commons-1.8.2.jar;D:\maven-repository\org\apiguardian\apiguardian-api\1.1.2\apiguardian-api-1.1.2.jar;D:\java\1.8\jre\lib\charsets.jar;D:\java\1.8\jre\lib\deploy.jar;D:\java\1.8\jre\lib\ext\access-bridge-64.jar;D:\java\1.8\jre\lib\ext\cldrdata.jar;D:\java\1.8\jre\lib\ext\dnsns.jar;D:\java\1.8\jre\lib\ext\jaccess.jar;D:\java\1.8\jre\lib\ext\jfxrt.jar;D:\java\1.8\jre\lib\ext\localedata.jar;D:\java\1.8\jre\lib\ext\nashorn.jar;D:\java\1.8\jre\lib\ext\sunec.jar;D:\java\1.8\jre\lib\ext\sunjce_provider.jar;D:\java\1.8\jre\lib\ext\sunmscapi.jar;D:\java\1.8\jre\lib\ext\sunpkcs11.jar;D:\java\1.8\jre\lib\ext\zipfs.jar;D:\java\1.8\jre\lib\javaws.jar;D:\java\1.8\jre\lib\jce.jar;D:\java\1.8\jre\lib\jfr.jar;D:\java\1.8\jre\lib\jfxswt.jar;D:\java\1.8\jre\lib\jsse.jar;D:\java\1.8\jre\lib\management-agent.jar;D:\java\1.8\jre\lib\plugin.jar;D:\java\1.8\jre\lib\resources.jar;D:\java\1.8\jre\lib\rt.jar;D:\project\redisdemo\target\test-classes;D:\project\redisdemo\target\classes;D:\maven-repository\org\springframework\boot\spring-boot-starter-data-redis\2.6.6\spring-boot-starter-data-redis-2.6.6.jar;D:\maven-repository\org\springframework\boot\spring-boot-starter\2.6.6\spring-boot-starter-2.6.6.jar;D:\maven-repository\org\springframework\boot\spring-boot\2.6.6\spring-boot-2.6.6.jar;D:\maven-repository\org\springframework\boot\spring-boot-autoconfigure\2.6.6\spring-boot-autoconfigure-2.6.6.jar;D:\maven-repository\
Launcher Type: SUN_STANDARD

Environment Variables:
JAVA_HOME=D:\java\1.8
CLASSPATH=.;D:\java\1.8\lib
PATH=D:\oracle\bin;C:\Program Files (x86)\Common Files\Oracle\Java\javapath;D:\Program Files\xmanager\Xlpd 6\;C:\Windows\system32;C:\Windows;C:\Windows\System32\Wbem;C:\Windows\System32\WindowsPowerShell\v1.0\;C:\Windows\System32\OpenSSH\;C:\Program Files (x86)\Intel\Intel(R) Management Engine Components\DAL;C:\Program Files\Intel\Intel(R) Management Engine Components\DAL;D:\Program Files\go\bin;D:\Program Files\Navicat Premium 12\instantclient_12_2;C:\Program Files\Microsoft SQL Server\110\Tools\Binn\;C:\instantclient_11_2;D:\Program Files\mysql\active perl\bin;D:\Program Files\mysql\GnuWin32\bin;D:\mysql-5.7.29-winx64\bin;C:\Program Files\Microsoft SQL Server\120\DTS\Binn\;C:\Program Files\Microsoft SQL Server\Client SDK\ODBC\110\Tools\Binn\;C:\Program Files (x86)\Microsoft SQL Server\120\Tools\Binn\;C:\Program Files\Microsoft SQL Server\120\Tools\Binn\;C:\Program Files (x86)\Microsoft SQL Server\120\Tools\Binn\ManagementStudio\;C:\Program Files (x86)\Microsoft SQL Server\120\DTS\Binn\;D:\MinGW\bin;D:\Program Files\apache-maven-3.6.3\bin;D:\java\1.8\bin;D:\nodejs\;D:\nodejs\node_global;C:\Program Files\dotnet\;C:\Program Files\Microsoft SQL Server\130\Tools\Binn\;C:\Program Files\Microsoft SQL Server\Client SDK\ODBC\170\Tools\Binn\;D:\Program Files\svn\bin;D:\git\Git\cmd;D:\lang\py3.8.6\Scripts\;D:\lang\py3.8.6\;D:\lang\py3.7\Scripts\;D:\lang\py3.7\;C:\Users\Administrator\AppData\Local\Microsoft\WindowsApps;C:\Users\Administrator\go\bin;"D:\java\1.8\bin;D:\java\1.8\jre\bin";;D:\Program Files\PyCharm 2019.1.1\bin;;D:\Program Files\IntelliJ IDEA 2018.3.2\bin;;D:\Program Files\Microsoft VS Code\bin;D:\Program Files\Fiddler;C:\Users\Administrator\AppData\Roaming\npm;C:\Users\Administrator\.dotnet\tools
USERNAME=Administrator
OS=Windows_NT
PROCESSOR_IDENTIFIER=Intel64 Family 6 Model 142 Stepping 11, GenuineIntel



---------------  S Y S T E M  ---------------

OS: Windows 10.0 , 64 bit Build 17763 (10.0.17763.292)

CPU:total 4 (initial active 4) (4 cores per cpu, 2 threads per core) family 6 model 142 stepping 11, cmov, cx8, fxsr, mmx, sse, sse2, sse3, ssse3, sse4.1, sse4.2, popcnt, avx, avx2, aes, clmul, erms, 3dnowpref, lzcnt, ht, tsc, tscinvbit, bmi1, bmi2, adx

Memory: 4k page, physical 8230164k(1684728k free), swap 10327316k(34872k free)

vm_info: Java HotSpot(TM) 64-Bit Server VM (25.251-b08) for windows-amd64 JRE (1.8.0_251-b08), built on Mar 12 2020 06:31:49 by "" with MS VC++ 10.0 (VS2010)

time: Thu Apr 21 17:13:29 2022
timezone: 中国标准时间
elapsed time: 6 seconds (0d 0h 0m 6s)

